EXPLAIN
-> Window aggregate: row_number() OVER (ORDER BY total_booking desc )   (cost=0 rows=0) (actual time=0.0932..0.0951 rows=3 loops=1)\n    -> Table scan on <temporary>  (cost=2.5..2.5 rows=0) (actual time=0.092..0.0928 rows=3 loops=1)\n        -> Temporary table  (cost=0..0 rows=0) (actual time=0.0913..0.0913 rows=3 loops=1)\n            -> Window aggregate: rank() OVER (ORDER BY total_booking desc )   (actual time=0.0796..0.0811 rows=3 loops=1)\n                -> Sort: total_booking DESC  (actual time=0.0773..0.0776 rows=3 loops=1)\n                    -> Table scan on <temporary>  (actual time=0.068..0.0689 rows=3 loops=1)\n                        -> Aggregate using temporary table  (actual time=0.0666..0.0666 rows=3 loops=1)\n                            -> Nested loop inner join  (cost=2.35 rows=3) (actual time=0.0453..0.0548 rows=3 loops=1)\n                                -> Covering index scan on b using idx_booking_property_id  (cost=1.3 rows=3) (actual time=0.0225..0.0258 rows=3 loops=1)\n                                -> Single-row covering index lookup on p using PRIMARY (property_id = b.property_id)  (cost=0.283 rows=1) (actual time=0.0089..0.00898 rows=1 loops=3)\n
